Flow report for Senso
Sat Dec 21 16:08:11 2019
Quartus Prime Version 19.1.0 Build 670 09/22/2019 SJ Lite Edition


---------------------
; Table of Contents ;
---------------------
  1. Legal Notice
  2. Flow Summary
  3. Flow Settings
  4. Flow Non-Default Global Settings
  5. Flow Elapsed Time
  6. Flow OS Summary
  7. Flow Log
  8. Flow Messages
  9. Flow Suppressed Messages



----------------
; Legal Notice ;
----------------
Copyright (C) 2019  Intel Corporation. All rights reserved.
Your use of Intel Corporation's design tools, logic functions 
and other software and tools, and any partner logic 
functions, and any output files from any of the foregoing 
(including device programming or simulation files), and any 
associated documentation or information are expressly subject 
to the terms and conditions of the Intel Program License 
Subscription Agreement, the Intel Quartus Prime License Agreement,
the Intel FPGA IP License Agreement, or other applicable license
agreement, including, without limitation, that your use is for
the sole purpose of programming logic devices manufactured by
Intel and sold by Intel or its authorized distributors.  Please
refer to the applicable agreement for further details, at
https://fpgasoftware.intel.com/eula.



+-------------------------------------------------------------------------------+
; Flow Summary                                                                  ;
+---------------------------------+---------------------------------------------+
; Flow Status                     ; Successful - Sat Dec 21 16:08:11 2019       ;
; Quartus Prime Version           ; 19.1.0 Build 670 09/22/2019 SJ Lite Edition ;
; Revision Name                   ; Senso                                       ;
; Top-level Entity Name           ; input                                       ;
; Family                          ; Cyclone V                                   ;
; Device                          ; 5CGXFC7C7F23C8                              ;
; Timing Models                   ; Final                                       ;
; Logic utilization (in ALMs)     ; 6 / 56,480 ( < 1 % )                        ;
; Total registers                 ; 20                                          ;
; Total pins                      ; 9 / 268 ( 3 % )                             ;
; Total virtual pins              ; 0                                           ;
; Total block memory bits         ; 0 / 7,024,640 ( 0 % )                       ;
; Total DSP Blocks                ; 0 / 156 ( 0 % )                             ;
; Total HSSI RX PCSs              ; 0 / 6 ( 0 % )                               ;
; Total HSSI PMA RX Deserializers ; 0 / 6 ( 0 % )                               ;
; Total HSSI TX PCSs              ; 0 / 6 ( 0 % )                               ;
; Total HSSI PMA TX Serializers   ; 0 / 6 ( 0 % )                               ;
; Total PLLs                      ; 0 / 13 ( 0 % )                              ;
; Total DLLs                      ; 0 / 4 ( 0 % )                               ;
+---------------------------------+---------------------------------------------+


+-----------------------------------------+
; Flow Settings                           ;
+-------------------+---------------------+
; Option            ; Setting             ;
+-------------------+---------------------+
; Start date & time ; 12/21/2019 16:07:12 ;
; Main task         ; Compilation         ;
; Revision Name     ; Senso               ;
+-------------------+---------------------+


+-----------------------------------------------------------------------------------------------------------------------------------------------------------+
; Flow Non-Default Global Settings                                                                                                                          ;
+------------------------------------------------+----------------------------------------+---------------+-------------+-----------------------------------+
; Assignment Name                                ; Value                                  ; Default Value ; Entity Name ; Section Id                        ;
+------------------------------------------------+----------------------------------------+---------------+-------------+-----------------------------------+
; COMPILER_SIGNATURE_ID                          ; 136520664531745.157694083231988        ; --            ; --          ; --                                ;
; EDA_DESIGN_INSTANCE_NAME                       ; NA                                     ; --            ; --          ; testbench_1                       ;
; EDA_GENERATE_FUNCTIONAL_NETLIST                ; Off                                    ; --            ; --          ; eda_board_design_timing           ;
; EDA_GENERATE_FUNCTIONAL_NETLIST                ; Off                                    ; --            ; --          ; eda_board_design_boundary_scan    ;
; EDA_GENERATE_FUNCTIONAL_NETLIST                ; Off                                    ; --            ; --          ; eda_board_design_signal_integrity ;
; EDA_GENERATE_FUNCTIONAL_NETLIST                ; Off                                    ; --            ; --          ; eda_board_design_symbol           ;
; EDA_MAINTAIN_DESIGN_HIERARCHY                  ; On                                     ; --            ; --          ; eda_simulation                    ;
; EDA_NATIVELINK_SIMULATION_TEST_BENCH           ; testbench_1                            ; --            ; --          ; eda_simulation                    ;
; EDA_OUTPUT_DATA_FORMAT                         ; Vhdl                                   ; --            ; --          ; eda_simulation                    ;
; EDA_SIMULATION_TOOL                            ; ModelSim-Altera (VHDL)                 ; <None>        ; --          ; --                                ;
; EDA_TEST_BENCH_ENABLE_STATUS                   ; TEST_BENCH_MODE                        ; --            ; --          ; eda_simulation                    ;
; EDA_TEST_BENCH_FILE                            ; button_entity.vhd                      ; --            ; --          ; testbench_1                       ;
; EDA_TEST_BENCH_FILE                            ; button_behav.vhd                       ; --            ; --          ; testbench_1                       ;
; EDA_TEST_BENCH_FILE                            ; clk_res_gen_entity.vhd                 ; --            ; --          ; testbench_1                       ;
; EDA_TEST_BENCH_FILE                            ; clk_res_gen_behav.vhd                  ; --            ; --          ; testbench_1                       ;
; EDA_TEST_BENCH_FILE                            ; control_entity.vhd                     ; --            ; --          ; testbench_1                       ;
; EDA_TEST_BENCH_FILE                            ; control_behav.vhd                      ; --            ; --          ; testbench_1                       ;
; EDA_TEST_BENCH_FILE                            ; counter_entity.vhd                     ; --            ; --          ; testbench_1                       ;
; EDA_TEST_BENCH_FILE                            ; counter_behav.vhd                      ; --            ; --          ; testbench_1                       ;
; EDA_TEST_BENCH_FILE                            ; galois_entity.vhd                      ; --            ; --          ; testbench_1                       ;
; EDA_TEST_BENCH_FILE                            ; galois_behav.vhd                       ; --            ; --          ; testbench_1                       ;
; EDA_TEST_BENCH_FILE                            ; input_entity.vhd                       ; --            ; --          ; testbench_1                       ;
; EDA_TEST_BENCH_FILE                            ; input_behav.vhd                        ; --            ; --          ; testbench_1                       ;
; EDA_TEST_BENCH_FILE                            ; output_entity.vhd                      ; --            ; --          ; testbench_1                       ;
; EDA_TEST_BENCH_FILE                            ; output_behav.vhd                       ; --            ; --          ; testbench_1                       ;
; EDA_TEST_BENCH_FILE                            ; tester_input_entity.vhd                ; --            ; --          ; testbench_1                       ;
; EDA_TEST_BENCH_FILE                            ; tester_input_behav.vhd                 ; --            ; --          ; testbench_1                       ;
; EDA_TEST_BENCH_FILE                            ; timer_entity.vhd                       ; --            ; --          ; testbench_1                       ;
; EDA_TEST_BENCH_FILE                            ; timer_behav.vhd                        ; --            ; --          ; testbench_1                       ;
; EDA_TEST_BENCH_FILE                            ; tb_entity.vhd                          ; --            ; --          ; testbench_1                       ;
; EDA_TEST_BENCH_FILE                            ; tb_struct.vhd                          ; --            ; --          ; testbench_1                       ;
; EDA_TEST_BENCH_MODULE_NAME                     ; tb                                     ; --            ; --          ; testbench_1                       ;
; EDA_TEST_BENCH_NAME                            ; testbench_1                            ; --            ; --          ; eda_simulation                    ;
; EDA_TIME_SCALE                                 ; 1 ps                                   ; --            ; --          ; eda_simulation                    ;
; EDA_USER_COMPILED_SIMULATION_LIBRARY_DIRECTORY ; <None>                                 ; --            ; --          ; eda_simulation                    ;
; MAX_CORE_JUNCTION_TEMP                         ; 85                                     ; --            ; --          ; --                                ;
; MIN_CORE_JUNCTION_TEMP                         ; 0                                      ; --            ; --          ; --                                ;
; PARTITION_COLOR                                ; -- (Not supported for targeted family) ; --            ; input       ; Top                               ;
; PARTITION_FITTER_PRESERVATION_LEVEL            ; -- (Not supported for targeted family) ; --            ; input       ; Top                               ;
; PARTITION_NETLIST_TYPE                         ; -- (Not supported for targeted family) ; --            ; input       ; Top                               ;
; POWER_BOARD_THERMAL_MODEL                      ; None (CONSERVATIVE)                    ; --            ; --          ; --                                ;
; POWER_PRESET_COOLING_SOLUTION                  ; 23 MM HEAT SINK WITH 200 LFPM AIRFLOW  ; --            ; --          ; --                                ;
; PROJECT_OUTPUT_DIRECTORY                       ; output_files                           ; --            ; --          ; --                                ;
; TOP_LEVEL_ENTITY                               ; input                                  ; Senso         ; --          ; --                                ;
+------------------------------------------------+----------------------------------------+---------------+-------------+-----------------------------------+


+--------------------------------------------------------------------------------------------------------------------------+
; Flow Elapsed Time                                                                                                        ;
+----------------------+--------------+-------------------------+---------------------+------------------------------------+
; Module Name          ; Elapsed Time ; Average Processors Used ; Peak Virtual Memory ; Total CPU Time (on all processors) ;
+----------------------+--------------+-------------------------+---------------------+------------------------------------+
; Analysis & Synthesis ; 00:00:09     ; 1.0                     ; 1036 MB             ; 00:00:23                           ;
; Fitter               ; 00:00:35     ; 1.0                     ; 2514 MB             ; 00:01:07                           ;
; Assembler            ; 00:00:07     ; 1.0                     ; 984 MB              ; 00:00:07                           ;
; Timing Analyzer      ; 00:00:04     ; 1.0                     ; 1215 MB             ; 00:00:04                           ;
; EDA Netlist Writer   ; 00:00:00     ; 1.0                     ; 1141 MB             ; 00:00:01                           ;
; Total                ; 00:00:55     ; --                      ; --                  ; 00:01:42                           ;
+----------------------+--------------+-------------------------+---------------------+------------------------------------+


+----------------------------------------------------------------------------------------+
; Flow OS Summary                                                                        ;
+----------------------+------------------+----------------+------------+----------------+
; Module Name          ; Machine Hostname ; OS Name        ; OS Version ; Processor type ;
+----------------------+------------------+----------------+------------+----------------+
; Analysis & Synthesis ; nikx             ; Ubuntu 18.04.3 ; 18         ; x86_64         ;
; Fitter               ; nikx             ; Ubuntu 18.04.3 ; 18         ; x86_64         ;
; Assembler            ; nikx             ; Ubuntu 18.04.3 ; 18         ; x86_64         ;
; Timing Analyzer      ; nikx             ; Ubuntu 18.04.3 ; 18         ; x86_64         ;
; EDA Netlist Writer   ; nikx             ; Ubuntu 18.04.3 ; 18         ; x86_64         ;
+----------------------+------------------+----------------+------------+----------------+


------------
; Flow Log ;
------------
quartus_map --read_settings_files=on --write_settings_files=off Senso -c Senso
quartus_fit --read_settings_files=off --write_settings_files=off Senso -c Senso
quartus_asm --read_settings_files=off --write_settings_files=off Senso -c Senso
quartus_sta Senso -c Senso
quartus_eda --read_settings_files=off --write_settings_files=off Senso -c Senso



